2023-10-20T15:22:53.275Z [27664:20292] A Logging started for process: C:\Program Files\Git\usr\bin\bash.exe
2023-10-20T15:22:53.447Z [ 3860:12040] A Logging started for process: C:\Program Files\Git\usr\bin\bash.exe
2023-10-20T15:22:53.511Z [25164:23244] A Logging started for process: C:\Program Files\Git\usr\bin\bash.exe
2023-10-20T15:22:53.581Z [10692:29760] A Logging started for process: C:\Program Files\Git\usr\bin\hostname.exe
2023-10-20T15:22:53.750Z [14512:17864] A Logging started for process: C:\Program Files\Git\usr\bin\bash.exe
2023-10-20T15:22:53.817Z [21512:25396] A Logging started for process: C:\Program Files\Git\usr\bin\which.exe
2023-10-20T15:22:53.881Z [24628:26100] A Logging started for process: C:\Program Files\Git\usr\bin\bash.exe
2023-10-20T15:22:53.934Z [ 3956: 4468] A Logging started for process: C:\Program Files\Git\usr\bin\bash.exe
2023-10-20T15:22:53.990Z [17856:17636] A Logging started for process: C:\Program Files\Git\usr\bin\bash.exe
2023-10-20T15:22:54.050Z [24268:30504] A Logging started for process: C:\Program Files\Git\usr\bin\bash.exe
2023-10-20T15:22:54.119Z [ 7656:19028] A Logging started for process: C:\Program Files\Git\usr\bin\bash.exe
2023-10-20T15:22:54.195Z [28880:  708] A Logging started for process: C:\Program Files\Git\usr\bin\bash.exe
2023-10-20T15:22:54.271Z [25148:30480] A Logging started for process: C:\Program Files\Git\usr\bin\bash.exe
2023-10-20T15:22:54.396Z [30428:18824] A Logging started for process: C:\Program Files\Git\usr\bin\bash.exe
2023-10-20T15:22:54.438Z [27136:26456] A Logging started for process: C:\Program Files\Git\usr\bin\bash.exe
2023-10-20T15:22:54.676Z [24684:16748] A Logging started for process: C:\Program Files\Git\usr\bin\bash.exe
2023-10-20T15:22:54.767Z [12280:27160] A Logging started for process: C:\Program Files\Git\usr\bin\bash.exe
2023-10-20T15:22:54.823Z [12000:26256] A Logging started for process: C:\Program Files\Git\usr\bin\bash.exe
2023-10-20T15:22:54.863Z [ 9808:29980] A Logging started for process: C:\Program Files\Git\usr\bin\bash.exe
2023-10-20T15:22:54.901Z [21832: 8868] A Logging started for process: C:\Program Files\Git\usr\bin\bash.exe
2023-10-20T15:22:55.095Z [17880:21332] A Logging started for process: C:\Program Files\Git\usr\bin\bash.exe
2023-10-20T15:23:49.298Z [30792:11228] A Logging started for process: C:\Program Files\Git\usr\bin\bash.exe
2023-10-20T15:23:49.521Z [21028:27004] A Logging started for process: C:\Program Files\Git\usr\bin\bash.exe
2023-10-20T15:23:49.572Z [17492:10836] A Logging started for process: C:\Program Files\Git\usr\bin\bash.exe
2023-10-20T15:23:49.617Z [12224:29668] A Logging started for process: C:\Program Files\Git\usr\bin\bash.exe
2023-10-20T15:23:49.800Z [25084:30580] A Logging started for process: C:\Program Files\Git\usr\bin\bash.exe
2023-10-20T15:24:06.973Z [22396:21820] A Logging started for process: C:\Program Files\Git\usr\bin\bash.exe
2023-10-20T15:24:07.484Z [20620: 6992] A Logging started for process: C:\Program Files\Git\usr\bin\bash.exe
2023-10-20T15:24:07.523Z [31560:20972] A Logging started for process: C:\Program Files\Git\usr\bin\bash.exe
2023-10-20T15:24:07.562Z [27388:20996] A Logging started for process: C:\Program Files\Git\usr\bin\bash.exe
2023-10-20T15:24:07.746Z [28368:31092] A Logging started for process: C:\Program Files\Git\usr\bin\bash.exe
2023-10-20T15:24:36.436Z [16088:13664] A Logging started for process: C:\Program Files\Git\usr\bin\bash.exe
